2024-07-27T17:48:56.441+02:00  INFO 22689 --- [new-taco] [restartedMain] org.another.newtaco.NewTacoApplication   : Starting NewTacoApplication using Java 17.0.11 with PID 22689 (/media/timur/work/developering/master/new-taco/build/classes/java/main started by timur in /media/timur/work/developering/master/new-taco)
2024-07-27T17:48:56.450+02:00  INFO 22689 --- [new-taco] [restartedMain] org.another.newtaco.NewTacoApplication   : No active profile set, falling back to 1 default profile: "default"
2024-07-27T17:48:56.521+02:00  INFO 22689 --- [new-taco] [restartedMain] .e.DevToolsPropertyDefaultsPostProcessor : Devtools property defaults active! Set 'spring.devtools.add-properties' to 'false' to disable
2024-07-27T17:48:56.521+02:00  INFO 22689 --- [new-taco] [restartedMain] .e.DevToolsPropertyDefaultsPostProcessor : For additional web related logging consider setting the 'logging.level.web' property to 'DEBUG'
2024-07-27T17:48:57.726+02:00  INFO 22689 --- [new-taco] [restartedMain] .s.d.r.c.RepositoryConfigurationDelegate : Bootstrapping Spring Data JPA repositories in DEFAULT mode.
2024-07-27T17:48:57.808+02:00  INFO 22689 --- [new-taco] [restartedMain] .s.d.r.c.RepositoryConfigurationDelegate : Finished Spring Data repository scanning in 67 ms. Found 3 JPA repository interfaces.
2024-07-27T17:48:58.839+02:00  INFO 22689 --- [new-taco] [restartedMain] o.s.b.w.embedded.tomcat.TomcatWebServer  : Tomcat initialized with port 8080 (http)
2024-07-27T17:48:58.857+02:00  INFO 22689 --- [new-taco] [restartedMain] o.apache.catalina.core.StandardService   : Starting service [Tomcat]
2024-07-27T17:48:58.857+02:00  INFO 22689 --- [new-taco] [restartedMain] o.apache.catalina.core.StandardEngine    : Starting Servlet engine: [Apache Tomcat/10.1.25]
2024-07-27T17:48:58.924+02:00  INFO 22689 --- [new-taco] [restartedMain] o.a.c.c.C.[Tomcat].[localhost].[/]       : Initializing Spring embedded WebApplicationContext
2024-07-27T17:48:58.925+02:00  INFO 22689 --- [new-taco] [restartedMain] w.s.c.ServletWebServerApplicationContext : Root WebApplicationContext: initialization completed in 2403 ms
2024-07-27T17:48:59.090+02:00  INFO 22689 --- [new-taco] [restartedMain] com.zaxxer.hikari.HikariDataSource       : HikariPool-1 - Starting...
2024-07-27T17:48:59.687+02:00  INFO 22689 --- [new-taco] [restartedMain] com.zaxxer.hikari.pool.HikariPool        : HikariPool-1 - Added connection com.mysql.cj.jdbc.ConnectionImpl@26160244
2024-07-27T17:48:59.691+02:00  INFO 22689 --- [new-taco] [restartedMain] com.zaxxer.hikari.HikariDataSource       : HikariPool-1 - Start completed.
2024-07-27T17:48:59.818+02:00  INFO 22689 --- [new-taco] [restartedMain] o.hibernate.jpa.internal.util.LogHelper  : HHH000204: Processing PersistenceUnitInfo [name: default]
2024-07-27T17:48:59.923+02:00  INFO 22689 --- [new-taco] [restartedMain] org.hibernate.Version                    : HHH000412: Hibernate ORM core version 6.5.2.Final
2024-07-27T17:48:59.986+02:00  INFO 22689 --- [new-taco] [restartedMain] o.h.c.internal.RegionFactoryInitiator    : HHH000026: Second-level cache disabled
2024-07-27T17:49:00.489+02:00  INFO 22689 --- [new-taco] [restartedMain] o.s.o.j.p.SpringPersistenceUnitInfo      : No LoadTimeWeaver setup: ignoring JPA class transformer
2024-07-27T17:49:02.252+02:00  INFO 22689 --- [new-taco] [restartedMain] o.h.e.t.j.p.i.JtaPlatformInitiator       : HHH000489: No JTA platform available (set 'hibernate.transaction.jta.platform' to enable JTA platform integration)
2024-07-27T17:49:02.531+02:00  INFO 22689 --- [new-taco] [restartedMain] j.LocalContainerEntityManagerFactoryBean : Initialized JPA EntityManagerFactory for persistence unit 'default'
2024-07-27T17:49:03.142+02:00  WARN 22689 --- [new-taco] [restartedMain] JpaBaseConfiguration$JpaWebConfiguration : spring.jpa.open-in-view is enabled by default. Therefore, database queries may be performed during view rendering. Explicitly configure spring.jpa.open-in-view to disable this warning
2024-07-27T17:49:03.303+02:00  INFO 22689 --- [new-taco] [restartedMain] r$InitializeUserDetailsManagerConfigurer : Global AuthenticationManager configured with UserDetailsService bean with name userDetailsService
2024-07-27T17:49:03.926+02:00 DEBUG 22689 --- [new-taco] [restartedMain] o.s.s.web.DefaultSecurityFilterChain     : Will secure any request with filters: DisableEncodeUrlFilter, WebAsyncManagerIntegrationFilter, SecurityContextHolderFilter, HeaderWriterFilter, CorsFilter, CsrfFilter, LogoutFilter, UsernamePasswordAuthenticationFilter, DefaultLoginPageGeneratingFilter, DefaultLogoutPageGeneratingFilter, BasicAuthenticationFilter, RequestCacheAwareFilter, SecurityContextHolderAwareRequestFilter, AnonymousAuthenticationFilter, ExceptionTranslationFilter, AuthorizationFilter
2024-07-27T17:49:04.404+02:00  INFO 22689 --- [new-taco] [restartedMain] o.s.b.d.a.OptionalLiveReloadServer       : LiveReload server is running on port 35729
2024-07-27T17:49:04.465+02:00  INFO 22689 --- [new-taco] [restartedMain] o.s.b.w.embedded.tomcat.TomcatWebServer  : Tomcat started on port 8080 (http) with context path '/'
2024-07-27T17:49:04.485+02:00  INFO 22689 --- [new-taco] [restartedMain] org.another.newtaco.NewTacoApplication   : Started NewTacoApplication in 8.855 seconds (process running for 9.897)
2024-07-27T17:50:14.651+02:00  INFO 22689 --- [new-taco] [http-nio-8080-exec-1] o.a.c.c.C.[Tomcat].[localhost].[/]       : Initializing Spring DispatcherServlet 'dispatcherServlet'
2024-07-27T17:50:14.651+02:00  INFO 22689 --- [new-taco] [http-nio-8080-exec-1] o.s.web.servlet.DispatcherServlet        : Initializing Servlet 'dispatcherServlet'
2024-07-27T17:50:14.653+02:00  INFO 22689 --- [new-taco] [http-nio-8080-exec-1] o.s.web.servlet.DispatcherServlet        : Completed initialization in 2 ms
2024-07-27T17:50:14.679+02:00 DEBUG 22689 --- [new-taco] [http-nio-8080-exec-1] o.s.security.web.FilterChainProxy        : Securing GET /orders/current
2024-07-27T17:50:14.695+02:00 DEBUG 22689 --- [new-taco] [http-nio-8080-exec-1] o.s.s.w.a.AnonymousAuthenticationFilter  : Set SecurityContextHolder to anonymous SecurityContext
2024-07-27T17:50:14.714+02:00 DEBUG 22689 --- [new-taco] [http-nio-8080-exec-1] o.s.s.w.s.HttpSessionRequestCache        : Saved request http://localhost:8080/orders/current?continue to session
2024-07-27T17:50:14.718+02:00 DEBUG 22689 --- [new-taco] [http-nio-8080-exec-1] s.w.a.DelegatingAuthenticationEntryPoint : Trying to match using Or [RequestHeaderRequestMatcher [expectedHeaderName=X-Requested-With, expectedHeaderValue=XMLHttpRequest], And [Not [MediaTypeRequestMatcher [contentNegotiationStrategy=org.springframework.web.accept.ContentNegotiationManager@5196d529, matchingMediaTypes=[text/html], useEquals=false, ignoredMediaTypes=[]]], MediaTypeRequestMatcher [contentNegotiationStrategy=org.springframework.web.accept.ContentNegotiationManager@5196d529, matchingMediaTypes=[application/atom+xml, application/x-www-form-urlencoded, application/json, application/octet-stream, application/xml, multipart/form-data, text/xml], useEquals=false, ignoredMediaTypes=[*/*]]], MediaTypeRequestMatcher [contentNegotiationStrategy=org.springframework.web.accept.ContentNegotiationManager@5196d529, matchingMediaTypes=[*/*], useEquals=true, ignoredMediaTypes=[]]]
2024-07-27T17:50:14.719+02:00 DEBUG 22689 --- [new-taco] [http-nio-8080-exec-1] s.w.a.DelegatingAuthenticationEntryPoint : Trying to match using And [Not [RequestHeaderRequestMatcher [expectedHeaderName=X-Requested-With, expectedHeaderValue=XMLHttpRequest]], MediaTypeRequestMatcher [contentNegotiationStrategy=org.springframework.web.accept.ContentNegotiationManager@5196d529, matchingMediaTypes=[application/xhtml+xml, image/*, text/html, text/plain], useEquals=false, ignoredMediaTypes=[*/*]]]
2024-07-27T17:50:14.720+02:00 DEBUG 22689 --- [new-taco] [http-nio-8080-exec-1] s.w.a.DelegatingAuthenticationEntryPoint : Match found! Executing org.springframework.security.web.authentication.LoginUrlAuthenticationEntryPoint@6fafe2aa
2024-07-27T17:50:14.721+02:00 DEBUG 22689 --- [new-taco] [http-nio-8080-exec-1] o.s.s.web.DefaultRedirectStrategy        : Redirecting to http://localhost:8080/login
2024-07-27T17:50:14.753+02:00 DEBUG 22689 --- [new-taco] [http-nio-8080-exec-2] o.s.security.web.FilterChainProxy        : Securing GET /login
2024-07-27T17:50:14.939+02:00 DEBUG 22689 --- [new-taco] [http-nio-8080-exec-3] o.s.security.web.FilterChainProxy        : Securing GET /favicon.ico
2024-07-27T17:50:14.941+02:00 DEBUG 22689 --- [new-taco] [http-nio-8080-exec-3] o.s.s.w.a.AnonymousAuthenticationFilter  : Set SecurityContextHolder to anonymous SecurityContext
2024-07-27T17:50:14.941+02:00 DEBUG 22689 --- [new-taco] [http-nio-8080-exec-3] s.w.a.DelegatingAuthenticationEntryPoint : Trying to match using Or [RequestHeaderRequestMatcher [expectedHeaderName=X-Requested-With, expectedHeaderValue=XMLHttpRequest], And [Not [MediaTypeRequestMatcher [contentNegotiationStrategy=org.springframework.web.accept.ContentNegotiationManager@5196d529, matchingMediaTypes=[text/html], useEquals=false, ignoredMediaTypes=[]]], MediaTypeRequestMatcher [contentNegotiationStrategy=org.springframework.web.accept.ContentNegotiationManager@5196d529, matchingMediaTypes=[application/atom+xml, application/x-www-form-urlencoded, application/json, application/octet-stream, application/xml, multipart/form-data, text/xml], useEquals=false, ignoredMediaTypes=[*/*]]], MediaTypeRequestMatcher [contentNegotiationStrategy=org.springframework.web.accept.ContentNegotiationManager@5196d529, matchingMediaTypes=[*/*], useEquals=true, ignoredMediaTypes=[]]]
2024-07-27T17:50:14.942+02:00 DEBUG 22689 --- [new-taco] [http-nio-8080-exec-3] s.w.a.DelegatingAuthenticationEntryPoint : Trying to match using And [Not [RequestHeaderRequestMatcher [expectedHeaderName=X-Requested-With, expectedHeaderValue=XMLHttpRequest]], MediaTypeRequestMatcher [contentNegotiationStrategy=org.springframework.web.accept.ContentNegotiationManager@5196d529, matchingMediaTypes=[application/xhtml+xml, image/*, text/html, text/plain], useEquals=false, ignoredMediaTypes=[*/*]]]
2024-07-27T17:50:14.943+02:00 DEBUG 22689 --- [new-taco] [http-nio-8080-exec-3] s.w.a.DelegatingAuthenticationEntryPoint : Match found! Executing org.springframework.security.web.authentication.LoginUrlAuthenticationEntryPoint@6fafe2aa
2024-07-27T17:50:14.943+02:00 DEBUG 22689 --- [new-taco] [http-nio-8080-exec-3] o.s.s.web.DefaultRedirectStrategy        : Redirecting to http://localhost:8080/login
2024-07-27T17:50:27.731+02:00 DEBUG 22689 --- [new-taco] [http-nio-8080-exec-4] o.s.security.web.FilterChainProxy        : Securing GET /
2024-07-27T17:50:27.732+02:00 DEBUG 22689 --- [new-taco] [http-nio-8080-exec-4] o.s.security.web.FilterChainProxy        : Secured GET /
2024-07-27T17:50:28.181+02:00 DEBUG 22689 --- [new-taco] [http-nio-8080-exec-4] o.s.s.w.a.AnonymousAuthenticationFilter  : Set SecurityContextHolder to anonymous SecurityContext
2024-07-27T17:50:28.260+02:00 DEBUG 22689 --- [new-taco] [http-nio-8080-exec-5] o.s.security.web.FilterChainProxy        : Securing GET /image/TacoCloud.jpg
2024-07-27T17:50:28.261+02:00 DEBUG 22689 --- [new-taco] [http-nio-8080-exec-5] o.s.security.web.FilterChainProxy        : Secured GET /image/TacoCloud.jpg
2024-07-27T17:50:28.276+02:00 DEBUG 22689 --- [new-taco] [http-nio-8080-exec-5] o.s.s.w.a.AnonymousAuthenticationFilter  : Set SecurityContextHolder to anonymous SecurityContext
2024-07-27T17:50:28.363+02:00 DEBUG 22689 --- [new-taco] [http-nio-8080-exec-6] o.s.security.web.FilterChainProxy        : Securing GET /favicon.ico
2024-07-27T17:50:28.364+02:00 DEBUG 22689 --- [new-taco] [http-nio-8080-exec-6] o.s.s.w.a.AnonymousAuthenticationFilter  : Set SecurityContextHolder to anonymous SecurityContext
2024-07-27T17:50:28.365+02:00 DEBUG 22689 --- [new-taco] [http-nio-8080-exec-6] s.w.a.DelegatingAuthenticationEntryPoint : Trying to match using Or [RequestHeaderRequestMatcher [expectedHeaderName=X-Requested-With, expectedHeaderValue=XMLHttpRequest], And [Not [MediaTypeRequestMatcher [contentNegotiationStrategy=org.springframework.web.accept.ContentNegotiationManager@5196d529, matchingMediaTypes=[text/html], useEquals=false, ignoredMediaTypes=[]]], MediaTypeRequestMatcher [contentNegotiationStrategy=org.springframework.web.accept.ContentNegotiationManager@5196d529, matchingMediaTypes=[application/atom+xml, application/x-www-form-urlencoded, application/json, application/octet-stream, application/xml, multipart/form-data, text/xml], useEquals=false, ignoredMediaTypes=[*/*]]], MediaTypeRequestMatcher [contentNegotiationStrategy=org.springframework.web.accept.ContentNegotiationManager@5196d529, matchingMediaTypes=[*/*], useEquals=true, ignoredMediaTypes=[]]]
2024-07-27T17:50:28.365+02:00 DEBUG 22689 --- [new-taco] [http-nio-8080-exec-6] s.w.a.DelegatingAuthenticationEntryPoint : Trying to match using And [Not [RequestHeaderRequestMatcher [expectedHeaderName=X-Requested-With, expectedHeaderValue=XMLHttpRequest]], MediaTypeRequestMatcher [contentNegotiationStrategy=org.springframework.web.accept.ContentNegotiationManager@5196d529, matchingMediaTypes=[application/xhtml+xml, image/*, text/html, text/plain], useEquals=false, ignoredMediaTypes=[*/*]]]
2024-07-27T17:50:28.366+02:00 DEBUG 22689 --- [new-taco] [http-nio-8080-exec-6] s.w.a.DelegatingAuthenticationEntryPoint : Match found! Executing org.springframework.security.web.authentication.LoginUrlAuthenticationEntryPoint@6fafe2aa
2024-07-27T17:50:28.366+02:00 DEBUG 22689 --- [new-taco] [http-nio-8080-exec-6] o.s.s.web.DefaultRedirectStrategy        : Redirecting to http://127.0.0.1:8080/login
2024-07-27T17:50:28.378+02:00 DEBUG 22689 --- [new-taco] [http-nio-8080-exec-7] o.s.security.web.FilterChainProxy        : Securing GET /login
2024-07-27T17:58:27.677+02:00  INFO 22689 --- [new-taco] [SpringApplicationShutdownHook] j.LocalContainerEntityManagerFactoryBean : Closing JPA EntityManagerFactory for persistence unit 'default'
2024-07-27T17:58:27.683+02:00  INFO 22689 --- [new-taco] [SpringApplicationShutdownHook] com.zaxxer.hikari.HikariDataSource       : HikariPool-1 - Shutdown initiated...
2024-07-27T17:58:27.695+02:00  INFO 22689 --- [new-taco] [SpringApplicationShutdownHook] com.zaxxer.hikari.HikariDataSource       : HikariPool-1 - Shutdown completed.
2024-07-27T19:03:02.432+02:00  INFO 30251 --- [new-taco] [restartedMain] org.another.newtaco.NewTacoApplication   : Starting NewTacoApplication using Java 17.0.11 with PID 30251 (/media/timur/work/developering/master/new-taco/build/classes/java/main started by timur in /media/timur/work/developering/master/new-taco)
2024-07-27T19:03:02.442+02:00  INFO 30251 --- [new-taco] [restartedMain] org.another.newtaco.NewTacoApplication   : No active profile set, falling back to 1 default profile: "default"
2024-07-27T19:03:02.507+02:00  INFO 30251 --- [new-taco] [restartedMain] .e.DevToolsPropertyDefaultsPostProcessor : Devtools property defaults active! Set 'spring.devtools.add-properties' to 'false' to disable
2024-07-27T19:03:02.508+02:00  INFO 30251 --- [new-taco] [restartedMain] .e.DevToolsPropertyDefaultsPostProcessor : For additional web related logging consider setting the 'logging.level.web' property to 'DEBUG'
2024-07-27T19:03:03.634+02:00  INFO 30251 --- [new-taco] [restartedMain] .s.d.r.c.RepositoryConfigurationDelegate : Bootstrapping Spring Data JPA repositories in DEFAULT mode.
2024-07-27T19:03:03.720+02:00  INFO 30251 --- [new-taco] [restartedMain] .s.d.r.c.RepositoryConfigurationDelegate : Finished Spring Data repository scanning in 75 ms. Found 3 JPA repository interfaces.
2024-07-27T19:03:04.771+02:00  INFO 30251 --- [new-taco] [restartedMain] o.s.b.w.embedded.tomcat.TomcatWebServer  : Tomcat initialized with port 8080 (http)
2024-07-27T19:03:04.795+02:00  INFO 30251 --- [new-taco] [restartedMain] o.apache.catalina.core.StandardService   : Starting service [Tomcat]
2024-07-27T19:03:04.796+02:00  INFO 30251 --- [new-taco] [restartedMain] o.apache.catalina.core.StandardEngine    : Starting Servlet engine: [Apache Tomcat/10.1.25]
2024-07-27T19:03:04.877+02:00  INFO 30251 --- [new-taco] [restartedMain] o.a.c.c.C.[Tomcat].[localhost].[/]       : Initializing Spring embedded WebApplicationContext
2024-07-27T19:03:04.877+02:00  INFO 30251 --- [new-taco] [restartedMain] w.s.c.ServletWebServerApplicationContext : Root WebApplicationContext: initialization completed in 2369 ms
2024-07-27T19:03:05.140+02:00  INFO 30251 --- [new-taco] [restartedMain] com.zaxxer.hikari.HikariDataSource       : HikariPool-1 - Starting...
2024-07-27T19:03:05.734+02:00  INFO 30251 --- [new-taco] [restartedMain] com.zaxxer.hikari.pool.HikariPool        : HikariPool-1 - Added connection com.mysql.cj.jdbc.ConnectionImpl@1c868837
2024-07-27T19:03:05.740+02:00  INFO 30251 --- [new-taco] [restartedMain] com.zaxxer.hikari.HikariDataSource       : HikariPool-1 - Start completed.
2024-07-27T19:03:05.881+02:00  INFO 30251 --- [new-taco] [restartedMain] o.hibernate.jpa.internal.util.LogHelper  : HHH000204: Processing PersistenceUnitInfo [name: default]
2024-07-27T19:03:05.980+02:00  INFO 30251 --- [new-taco] [restartedMain] org.hibernate.Version                    : HHH000412: Hibernate ORM core version 6.5.2.Final
2024-07-27T19:03:06.038+02:00  INFO 30251 --- [new-taco] [restartedMain] o.h.c.internal.RegionFactoryInitiator    : HHH000026: Second-level cache disabled
2024-07-27T19:03:06.565+02:00  INFO 30251 --- [new-taco] [restartedMain] o.s.o.j.p.SpringPersistenceUnitInfo      : No LoadTimeWeaver setup: ignoring JPA class transformer
2024-07-27T19:03:08.240+02:00  INFO 30251 --- [new-taco] [restartedMain] o.h.e.t.j.p.i.JtaPlatformInitiator       : HHH000489: No JTA platform available (set 'hibernate.transaction.jta.platform' to enable JTA platform integration)
2024-07-27T19:03:08.423+02:00  INFO 30251 --- [new-taco] [restartedMain] j.LocalContainerEntityManagerFactoryBean : Initialized JPA EntityManagerFactory for persistence unit 'default'
2024-07-27T19:03:09.085+02:00  WARN 30251 --- [new-taco] [restartedMain] JpaBaseConfiguration$JpaWebConfiguration : spring.jpa.open-in-view is enabled by default. Therefore, database queries may be performed during view rendering. Explicitly configure spring.jpa.open-in-view to disable this warning
2024-07-27T19:03:09.286+02:00  INFO 30251 --- [new-taco] [restartedMain] r$InitializeUserDetailsManagerConfigurer : Global AuthenticationManager configured with UserDetailsService bean with name userDetailsService
2024-07-27T19:03:10.029+02:00 DEBUG 30251 --- [new-taco] [restartedMain] o.s.s.web.DefaultSecurityFilterChain     : Will secure any request with filters: DisableEncodeUrlFilter, WebAsyncManagerIntegrationFilter, SecurityContextHolderFilter, HeaderWriterFilter, CorsFilter, CsrfFilter, LogoutFilter, UsernamePasswordAuthenticationFilter, DefaultLoginPageGeneratingFilter, DefaultLogoutPageGeneratingFilter, BasicAuthenticationFilter, RequestCacheAwareFilter, SecurityContextHolderAwareRequestFilter, AnonymousAuthenticationFilter, ExceptionTranslationFilter, AuthorizationFilter
2024-07-27T19:03:10.724+02:00  INFO 30251 --- [new-taco] [restartedMain] o.s.b.d.a.OptionalLiveReloadServer       : LiveReload server is running on port 35729
2024-07-27T19:03:10.786+02:00  INFO 30251 --- [new-taco] [restartedMain] o.s.b.w.embedded.tomcat.TomcatWebServer  : Tomcat started on port 8080 (http) with context path '/'
2024-07-27T19:03:10.801+02:00  INFO 30251 --- [new-taco] [restartedMain] org.another.newtaco.NewTacoApplication   : Started NewTacoApplication in 8.995 seconds (process running for 9.8)
2024-07-27T19:03:44.151+02:00  INFO 30251 --- [new-taco] [http-nio-8080-exec-1] o.a.c.c.C.[Tomcat].[localhost].[/]       : Initializing Spring DispatcherServlet 'dispatcherServlet'
2024-07-27T19:03:44.151+02:00  INFO 30251 --- [new-taco] [http-nio-8080-exec-1] o.s.web.servlet.DispatcherServlet        : Initializing Servlet 'dispatcherServlet'
2024-07-27T19:03:44.154+02:00  INFO 30251 --- [new-taco] [http-nio-8080-exec-1] o.s.web.servlet.DispatcherServlet        : Completed initialization in 2 ms
2024-07-27T19:03:44.184+02:00 DEBUG 30251 --- [new-taco] [http-nio-8080-exec-1] o.s.security.web.FilterChainProxy        : Securing GET /API/ingredients
2024-07-27T19:03:44.197+02:00 DEBUG 30251 --- [new-taco] [http-nio-8080-exec-1] o.s.s.w.a.AnonymousAuthenticationFilter  : Set SecurityContextHolder to anonymous SecurityContext
2024-07-27T19:03:44.198+02:00 DEBUG 30251 --- [new-taco] [http-nio-8080-exec-1] o.s.security.web.FilterChainProxy        : Secured GET /API/ingredients
2024-07-27T19:04:32.408+02:00  INFO 30251 --- [new-taco] [SpringApplicationShutdownHook] j.LocalContainerEntityManagerFactoryBean : Closing JPA EntityManagerFactory for persistence unit 'default'
2024-07-27T19:04:32.414+02:00  INFO 30251 --- [new-taco] [SpringApplicationShutdownHook] com.zaxxer.hikari.HikariDataSource       : HikariPool-1 - Shutdown initiated...
2024-07-27T19:04:32.425+02:00  INFO 30251 --- [new-taco] [SpringApplicationShutdownHook] com.zaxxer.hikari.HikariDataSource       : HikariPool-1 - Shutdown completed.
2024-07-27T19:04:56.009+02:00  INFO 31237 --- [new-taco] [restartedMain] org.another.newtaco.NewTacoApplication   : Starting NewTacoApplication using Java 17.0.11 with PID 31237 (/media/timur/work/developering/master/new-taco/build/classes/java/main started by timur in /media/timur/work/developering/master/new-taco)
2024-07-27T19:04:56.013+02:00  INFO 31237 --- [new-taco] [restartedMain] org.another.newtaco.NewTacoApplication   : No active profile set, falling back to 1 default profile: "default"
2024-07-27T19:04:56.080+02:00  INFO 31237 --- [new-taco] [restartedMain] .e.DevToolsPropertyDefaultsPostProcessor : Devtools property defaults active! Set 'spring.devtools.add-properties' to 'false' to disable
2024-07-27T19:04:56.081+02:00  INFO 31237 --- [new-taco] [restartedMain] .e.DevToolsPropertyDefaultsPostProcessor : For additional web related logging consider setting the 'logging.level.web' property to 'DEBUG'
2024-07-27T19:04:57.107+02:00  INFO 31237 --- [new-taco] [restartedMain] .s.d.r.c.RepositoryConfigurationDelegate : Bootstrapping Spring Data JPA repositories in DEFAULT mode.
2024-07-27T19:04:57.175+02:00  INFO 31237 --- [new-taco] [restartedMain] .s.d.r.c.RepositoryConfigurationDelegate : Finished Spring Data repository scanning in 57 ms. Found 3 JPA repository interfaces.
2024-07-27T19:04:58.262+02:00  INFO 31237 --- [new-taco] [restartedMain] o.s.b.w.embedded.tomcat.TomcatWebServer  : Tomcat initialized with port 8080 (http)
2024-07-27T19:04:58.278+02:00  INFO 31237 --- [new-taco] [restartedMain] o.apache.catalina.core.StandardService   : Starting service [Tomcat]
2024-07-27T19:04:58.278+02:00  INFO 31237 --- [new-taco] [restartedMain] o.apache.catalina.core.StandardEngine    : Starting Servlet engine: [Apache Tomcat/10.1.25]
2024-07-27T19:04:58.339+02:00  INFO 31237 --- [new-taco] [restartedMain] o.a.c.c.C.[Tomcat].[localhost].[/]       : Initializing Spring embedded WebApplicationContext
2024-07-27T19:04:58.339+02:00  INFO 31237 --- [new-taco] [restartedMain] w.s.c.ServletWebServerApplicationContext : Root WebApplicationContext: initialization completed in 2257 ms
2024-07-27T19:04:58.522+02:00  INFO 31237 --- [new-taco] [restartedMain] com.zaxxer.hikari.HikariDataSource       : HikariPool-1 - Starting...
2024-07-27T19:04:58.966+02:00  INFO 31237 --- [new-taco] [restartedMain] com.zaxxer.hikari.pool.HikariPool        : HikariPool-1 - Added connection com.mysql.cj.jdbc.ConnectionImpl@236e6130
2024-07-27T19:04:58.969+02:00  INFO 31237 --- [new-taco] [restartedMain] com.zaxxer.hikari.HikariDataSource       : HikariPool-1 - Start completed.
2024-07-27T19:04:59.077+02:00  INFO 31237 --- [new-taco] [restartedMain] o.hibernate.jpa.internal.util.LogHelper  : HHH000204: Processing PersistenceUnitInfo [name: default]
2024-07-27T19:04:59.157+02:00  INFO 31237 --- [new-taco] [restartedMain] org.hibernate.Version                    : HHH000412: Hibernate ORM core version 6.5.2.Final
2024-07-27T19:04:59.216+02:00  INFO 31237 --- [new-taco] [restartedMain] o.h.c.internal.RegionFactoryInitiator    : HHH000026: Second-level cache disabled
2024-07-27T19:04:59.659+02:00  INFO 31237 --- [new-taco] [restartedMain] o.s.o.j.p.SpringPersistenceUnitInfo      : No LoadTimeWeaver setup: ignoring JPA class transformer
2024-07-27T19:05:01.158+02:00  INFO 31237 --- [new-taco] [restartedMain] o.h.e.t.j.p.i.JtaPlatformInitiator       : HHH000489: No JTA platform available (set 'hibernate.transaction.jta.platform' to enable JTA platform integration)
2024-07-27T19:05:01.336+02:00  INFO 31237 --- [new-taco] [restartedMain] j.LocalContainerEntityManagerFactoryBean : Initialized JPA EntityManagerFactory for persistence unit 'default'
2024-07-27T19:05:01.967+02:00  WARN 31237 --- [new-taco] [restartedMain] JpaBaseConfiguration$JpaWebConfiguration : spring.jpa.open-in-view is enabled by default. Therefore, database queries may be performed during view rendering. Explicitly configure spring.jpa.open-in-view to disable this warning
2024-07-27T19:05:02.189+02:00  INFO 31237 --- [new-taco] [restartedMain] r$InitializeUserDetailsManagerConfigurer : Global AuthenticationManager configured with UserDetailsService bean with name userDetailsService
2024-07-27T19:05:02.930+02:00 DEBUG 31237 --- [new-taco] [restartedMain] o.s.s.web.DefaultSecurityFilterChain     : Will secure any request with filters: DisableEncodeUrlFilter, WebAsyncManagerIntegrationFilter, SecurityContextHolderFilter, HeaderWriterFilter, CorsFilter, CsrfFilter, LogoutFilter, UsernamePasswordAuthenticationFilter, DefaultLoginPageGeneratingFilter, DefaultLogoutPageGeneratingFilter, BasicAuthenticationFilter, RequestCacheAwareFilter, SecurityContextHolderAwareRequestFilter, AnonymousAuthenticationFilter, ExceptionTranslationFilter, AuthorizationFilter
2024-07-27T19:05:03.525+02:00  INFO 31237 --- [new-taco] [restartedMain] o.s.b.d.a.OptionalLiveReloadServer       : LiveReload server is running on port 35729
2024-07-27T19:05:03.583+02:00  INFO 31237 --- [new-taco] [restartedMain] o.s.b.w.embedded.tomcat.TomcatWebServer  : Tomcat started on port 8080 (http) with context path '/'
2024-07-27T19:05:03.599+02:00  INFO 31237 --- [new-taco] [restartedMain] org.another.newtaco.NewTacoApplication   : Started NewTacoApplication in 8.269 seconds (process running for 9.121)
2024-07-27T19:05:08.059+02:00  INFO 31237 --- [new-taco] [http-nio-8080-exec-1] o.a.c.c.C.[Tomcat].[localhost].[/]       : Initializing Spring DispatcherServlet 'dispatcherServlet'
2024-07-27T19:05:08.059+02:00  INFO 31237 --- [new-taco] [http-nio-8080-exec-1] o.s.web.servlet.DispatcherServlet        : Initializing Servlet 'dispatcherServlet'
2024-07-27T19:05:08.062+02:00  INFO 31237 --- [new-taco] [http-nio-8080-exec-1] o.s.web.servlet.DispatcherServlet        : Completed initialization in 2 ms
2024-07-27T19:05:08.091+02:00 DEBUG 31237 --- [new-taco] [http-nio-8080-exec-1] o.s.security.web.FilterChainProxy        : Securing GET /API/ingredients
2024-07-27T19:05:08.107+02:00 DEBUG 31237 --- [new-taco] [http-nio-8080-exec-1] o.s.s.w.a.AnonymousAuthenticationFilter  : Set SecurityContextHolder to anonymous SecurityContext
2024-07-27T19:05:08.123+02:00 DEBUG 31237 --- [new-taco] [http-nio-8080-exec-1] o.s.s.w.s.HttpSessionRequestCache        : Saved request http://localhost:8080/API/ingredients?continue to session
2024-07-27T19:05:08.127+02:00 DEBUG 31237 --- [new-taco] [http-nio-8080-exec-1] s.w.a.DelegatingAuthenticationEntryPoint : Trying to match using Or [RequestHeaderRequestMatcher [expectedHeaderName=X-Requested-With, expectedHeaderValue=XMLHttpRequest], And [Not [MediaTypeRequestMatcher [contentNegotiationStrategy=org.springframework.web.accept.ContentNegotiationManager@4fc52cd6, matchingMediaTypes=[text/html], useEquals=false, ignoredMediaTypes=[]]], MediaTypeRequestMatcher [contentNegotiationStrategy=org.springframework.web.accept.ContentNegotiationManager@4fc52cd6, matchingMediaTypes=[application/atom+xml, application/x-www-form-urlencoded, application/json, application/octet-stream, application/xml, multipart/form-data, text/xml], useEquals=false, ignoredMediaTypes=[*/*]]], MediaTypeRequestMatcher [contentNegotiationStrategy=org.springframework.web.accept.ContentNegotiationManager@4fc52cd6, matchingMediaTypes=[*/*], useEquals=true, ignoredMediaTypes=[]]]
2024-07-27T19:05:08.128+02:00 DEBUG 31237 --- [new-taco] [http-nio-8080-exec-1] s.w.a.DelegatingAuthenticationEntryPoint : Match found! Executing org.springframework.security.web.authentication.DelegatingAuthenticationEntryPoint@4865dc16
2024-07-27T19:05:08.128+02:00 DEBUG 31237 --- [new-taco] [http-nio-8080-exec-1] s.w.a.DelegatingAuthenticationEntryPoint : Trying to match using RequestHeaderRequestMatcher [expectedHeaderName=X-Requested-With, expectedHeaderValue=XMLHttpRequest]
2024-07-27T19:05:08.129+02:00 DEBUG 31237 --- [new-taco] [http-nio-8080-exec-1] s.w.a.DelegatingAuthenticationEntryPoint : No match found. Using default entry point org.springframework.security.web.authentication.www.BasicAuthenticationEntryPoint@736ab294
2024-07-27T19:05:08.139+02:00 DEBUG 31237 --- [new-taco] [http-nio-8080-exec-1] o.s.security.web.FilterChainProxy        : Securing GET /error
2024-07-27T19:05:08.140+02:00 DEBUG 31237 --- [new-taco] [http-nio-8080-exec-1] o.s.s.w.a.AnonymousAuthenticationFilter  : Set SecurityContextHolder to anonymous SecurityContext
2024-07-27T19:05:08.141+02:00 DEBUG 31237 --- [new-taco] [http-nio-8080-exec-1] o.s.s.w.s.HttpSessionRequestCache        : Saved request http://localhost:8080/error?continue to session
2024-07-27T19:05:08.141+02:00 DEBUG 31237 --- [new-taco] [http-nio-8080-exec-1] s.w.a.DelegatingAuthenticationEntryPoint : Trying to match using Or [RequestHeaderRequestMatcher [expectedHeaderName=X-Requested-With, expectedHeaderValue=XMLHttpRequest], And [Not [MediaTypeRequestMatcher [contentNegotiationStrategy=org.springframework.web.accept.ContentNegotiationManager@4fc52cd6, matchingMediaTypes=[text/html], useEquals=false, ignoredMediaTypes=[]]], MediaTypeRequestMatcher [contentNegotiationStrategy=org.springframework.web.accept.ContentNegotiationManager@4fc52cd6, matchingMediaTypes=[application/atom+xml, application/x-www-form-urlencoded, application/json, application/octet-stream, application/xml, multipart/form-data, text/xml], useEquals=false, ignoredMediaTypes=[*/*]]], MediaTypeRequestMatcher [contentNegotiationStrategy=org.springframework.web.accept.ContentNegotiationManager@4fc52cd6, matchingMediaTypes=[*/*], useEquals=true, ignoredMediaTypes=[]]]
2024-07-27T19:05:08.142+02:00 DEBUG 31237 --- [new-taco] [http-nio-8080-exec-1] s.w.a.DelegatingAuthenticationEntryPoint : Match found! Executing org.springframework.security.web.authentication.DelegatingAuthenticationEntryPoint@4865dc16
2024-07-27T19:05:08.142+02:00 DEBUG 31237 --- [new-taco] [http-nio-8080-exec-1] s.w.a.DelegatingAuthenticationEntryPoint : Trying to match using RequestHeaderRequestMatcher [expectedHeaderName=X-Requested-With, expectedHeaderValue=XMLHttpRequest]
2024-07-27T19:05:08.142+02:00 DEBUG 31237 --- [new-taco] [http-nio-8080-exec-1] s.w.a.DelegatingAuthenticationEntryPoint : No match found. Using default entry point org.springframework.security.web.authentication.www.BasicAuthenticationEntryPoint@736ab294
2024-07-27T19:06:09.922+02:00 DEBUG 31237 --- [new-taco] [http-nio-8080-exec-2] o.s.security.web.FilterChainProxy        : Securing GET /API/ingredients
2024-07-27T19:06:10.451+02:00 DEBUG 31237 --- [new-taco] [http-nio-8080-exec-2] o.s.s.a.dao.DaoAuthenticationProvider    : Authenticated user
2024-07-27T19:06:10.458+02:00 DEBUG 31237 --- [new-taco] [http-nio-8080-exec-2] o.s.s.w.a.www.BasicAuthenticationFilter  : Set SecurityContextHolder to UsernamePasswordAuthenticationToken [Principal=User(id=1, username=another, password=$2a$10$aYiTZY4CF5wgWvZZH2YRweV8/0fMgZNxKDsLhZkinh1ZaUYl.ziTy, fullname=another, street=another, state=another, zip=another, phoneNumber=another), Credentials=[PROTECTED], Authenticated=true, Details=WebAuthenticationDetails [RemoteIpAddress=0:0:0:0:0:0:0:1, SessionId=null], Granted Authorities=[ROLE_USER]]
2024-07-27T19:06:10.459+02:00 DEBUG 31237 --- [new-taco] [http-nio-8080-exec-2] o.s.security.web.FilterChainProxy        : Secured GET /API/ingredients
2024-07-27T20:05:00.738+02:00  INFO 31237 --- [new-taco] [SpringApplicationShutdownHook] j.LocalContainerEntityManagerFactoryBean : Closing JPA EntityManagerFactory for persistence unit 'default'
2024-07-27T20:05:00.744+02:00  INFO 31237 --- [new-taco] [SpringApplicationShutdownHook] com.zaxxer.hikari.HikariDataSource       : HikariPool-1 - Shutdown initiated...
2024-07-27T20:05:00.751+02:00  INFO 31237 --- [new-taco] [SpringApplicationShutdownHook] com.zaxxer.hikari.HikariDataSource       : HikariPool-1 - Shutdown completed.
