2024-03-23T15:55:42.298+03:00  WARN 14844 --- [restartedMain] c.zaxxer.hikari.util.DriverDataSource    : Registered driver with driverClassName=com.mysql.jdbc.Driver was not found, trying direct instantiation.
2024-03-23T15:55:48.198+03:00  WARN 14844 --- [restartedMain] JpaBaseConfiguration$JpaWebConfiguration : spring.jpa.open-in-view is enabled by default. Therefore, database queries may be performed during view rendering. Explicitly configure spring.jpa.open-in-view to disable this warning
2024-03-23T15:55:49.864+03:00  INFO 14844 --- [restartedMain] o.s.s.web.DefaultSecurityFilterChain     : Will secure any request with [org.springframework.security.web.session.DisableEncodeUrlFilter@2013e40d, org.springframework.security.web.context.request.async.WebAsyncManagerIntegrationFilter@1fca5200, org.springframework.security.web.context.SecurityContextHolderFilter@44d97ae4, org.springframework.security.web.header.HeaderWriterFilter@5557c62d, org.springframework.web.filter.CorsFilter@7bb923f, org.springframework.security.web.csrf.CsrfFilter@1bd8f613, org.springframework.security.web.authentication.logout.LogoutFilter@553a11d0, org.springframework.security.web.authentication.UsernamePasswordAuthenticationFilter@3b809ccb, org.springframework.security.web.savedrequest.RequestCacheAwareFilter@331c39db, org.springframework.security.web.servletapi.SecurityContextHolderAwareRequestFilter@372bcdd2, org.springframework.security.web.authentication.AnonymousAuthenticationFilter@2979133f, org.springframework.security.web.access.ExceptionTranslationFilter@154b0f93, org.springframework.security.web.access.intercept.AuthorizationFilter@4059e8a7]
2024-03-23T15:56:24.714+03:00  WARN 14844 --- [restartedMain] c.zaxxer.hikari.util.DriverDataSource    : Registered driver with driverClassName=com.mysql.jdbc.Driver was not found, trying direct instantiation.
2024-03-23T15:56:24.963+03:00  WARN 14844 --- [restartedMain] JpaBaseConfiguration$JpaWebConfiguration : spring.jpa.open-in-view is enabled by default. Therefore, database queries may be performed during view rendering. Explicitly configure spring.jpa.open-in-view to disable this warning
2024-03-23T15:56:26.193+03:00 DEBUG 14844 --- [restartedMain] swordEncoderAuthenticationManagerBuilder : No authenticationProviders and no parentAuthenticationManager defined. Returning null.
2024-03-23T15:56:26.355+03:00  INFO 14844 --- [restartedMain] o.s.s.web.DefaultSecurityFilterChain     : Will secure any request with [org.springframework.security.web.session.DisableEncodeUrlFilter@4eb3707a, org.springframework.security.web.context.request.async.WebAsyncManagerIntegrationFilter@6624eabe, org.springframework.security.web.context.SecurityContextHolderFilter@3e7f3b51, org.springframework.security.web.header.HeaderWriterFilter@21dfaf7d, org.springframework.web.filter.CorsFilter@185238d9, org.springframework.security.web.csrf.CsrfFilter@21f52fb, org.springframework.security.web.authentication.logout.LogoutFilter@45601232, org.springframework.security.web.authentication.UsernamePasswordAuthenticationFilter@69f2d0b5, org.springframework.security.web.authentication.ui.DefaultLoginPageGeneratingFilter@73fe2c70, org.springframework.security.web.authentication.ui.DefaultLogoutPageGeneratingFilter@2e06f5, org.springframework.security.web.authentication.www.BasicAuthenticationFilter@41eb21ff, org.springframework.security.web.savedrequest.RequestCacheAwareFilter@468f2eef, org.springframework.security.web.servletapi.SecurityContextHolderAwareRequestFilter@2f86caba, org.springframework.security.web.authentication.AnonymousAuthenticationFilter@554b862a, org.springframework.security.web.access.ExceptionTranslationFilter@4f04dc98, org.springframework.security.web.access.intercept.AuthorizationFilter@aa31484]
2024-03-23T15:56:32.263+03:00  WARN 14844 --- [restartedMain] c.zaxxer.hikari.util.DriverDataSource    : Registered driver with driverClassName=com.mysql.jdbc.Driver was not found, trying direct instantiation.
2024-03-23T15:56:33.045+03:00  WARN 14844 --- [restartedMain] JpaBaseConfiguration$JpaWebConfiguration : spring.jpa.open-in-view is enabled by default. Therefore, database queries may be performed during view rendering. Explicitly configure spring.jpa.open-in-view to disable this warning
2024-03-23T15:56:33.884+03:00  INFO 14844 --- [restartedMain] o.s.s.web.DefaultSecurityFilterChain     : Will secure any request with [org.springframework.security.web.session.DisableEncodeUrlFilter@29a09de, org.springframework.security.web.context.request.async.WebAsyncManagerIntegrationFilter@2fe876db, org.springframework.security.web.context.SecurityContextHolderFilter@4589306e, org.springframework.security.web.header.HeaderWriterFilter@6e891381, org.springframework.web.filter.CorsFilter@37908fab, org.springframework.security.web.csrf.CsrfFilter@f93a793, org.springframework.security.web.authentication.logout.LogoutFilter@3b59c04e, org.springframework.security.web.authentication.UsernamePasswordAuthenticationFilter@7734fcc6, org.springframework.security.web.savedrequest.RequestCacheAwareFilter@57b4b873, org.springframework.security.web.servletapi.SecurityContextHolderAwareRequestFilter@116c902c, org.springframework.security.web.authentication.AnonymousAuthenticationFilter@67128753, org.springframework.security.web.access.ExceptionTranslationFilter@363e1415, org.springframework.security.web.access.intercept.AuthorizationFilter@3c449491]
2024-03-23T15:57:02.065+03:00 DEBUG 14844 --- [https-jsse-nio-8443-exec-6] o.s.security.web.FilterChainProxy        : Securing GET /api/tacos
2024-03-23T15:57:02.083+03:00 DEBUG 14844 --- [https-jsse-nio-8443-exec-6] o.s.security.web.FilterChainProxy        : Secured GET /api/tacos
2024-03-23T15:57:02.119+03:00 DEBUG 14844 --- [https-jsse-nio-8443-exec-6] o.s.s.w.a.AnonymousAuthenticationFilter  : Set SecurityContextHolder to anonymous SecurityContext
2024-03-23T15:57:02.129+03:00 DEBUG 14844 --- [https-jsse-nio-8443-exec-6] o.s.security.web.FilterChainProxy        : Securing GET /error
2024-03-23T15:57:02.130+03:00 DEBUG 14844 --- [https-jsse-nio-8443-exec-6] o.s.security.web.FilterChainProxy        : Secured GET /error
2024-03-23T15:57:02.225+03:00 DEBUG 14844 --- [https-jsse-nio-8443-exec-6] o.s.s.w.a.AnonymousAuthenticationFilter  : Set SecurityContextHolder to anonymous SecurityContext
2024-03-23T15:57:16.003+03:00 DEBUG 14844 --- [https-jsse-nio-8443-exec-7] o.s.security.web.FilterChainProxy        : Securing GET /api/ingredent
2024-03-23T15:57:16.004+03:00 DEBUG 14844 --- [https-jsse-nio-8443-exec-7] o.s.security.web.FilterChainProxy        : Secured GET /api/ingredent
2024-03-23T15:57:16.010+03:00 DEBUG 14844 --- [https-jsse-nio-8443-exec-7] o.s.s.w.a.AnonymousAuthenticationFilter  : Set SecurityContextHolder to anonymous SecurityContext
2024-03-23T15:57:16.010+03:00 DEBUG 14844 --- [https-jsse-nio-8443-exec-7] o.s.security.web.FilterChainProxy        : Securing GET /error
2024-03-23T15:57:16.011+03:00 DEBUG 14844 --- [https-jsse-nio-8443-exec-7] o.s.security.web.FilterChainProxy        : Secured GET /error
2024-03-23T15:57:16.015+03:00 DEBUG 14844 --- [https-jsse-nio-8443-exec-7] o.s.s.w.a.AnonymousAuthenticationFilter  : Set SecurityContextHolder to anonymous SecurityContext
2024-03-23T15:57:41.608+03:00 DEBUG 14844 --- [https-jsse-nio-8443-exec-8] o.s.security.web.FilterChainProxy        : Securing GET /api/user
2024-03-23T15:57:41.608+03:00 DEBUG 14844 --- [https-jsse-nio-8443-exec-8] o.s.security.web.FilterChainProxy        : Secured GET /api/user
2024-03-23T15:57:41.612+03:00 DEBUG 14844 --- [https-jsse-nio-8443-exec-8] o.s.s.w.a.AnonymousAuthenticationFilter  : Set SecurityContextHolder to anonymous SecurityContext
2024-03-23T15:57:41.613+03:00 DEBUG 14844 --- [https-jsse-nio-8443-exec-8] o.s.security.web.FilterChainProxy        : Securing GET /error
2024-03-23T15:57:41.614+03:00 DEBUG 14844 --- [https-jsse-nio-8443-exec-8] o.s.security.web.FilterChainProxy        : Secured GET /error
2024-03-23T15:57:41.618+03:00 DEBUG 14844 --- [https-jsse-nio-8443-exec-8] o.s.s.w.a.AnonymousAuthenticationFilter  : Set SecurityContextHolder to anonymous SecurityContext
2024-03-23T15:57:46.228+03:00 DEBUG 14844 --- [https-jsse-nio-8443-exec-9] o.s.security.web.FilterChainProxy        : Securing GET /api/users
2024-03-23T15:57:46.228+03:00 DEBUG 14844 --- [https-jsse-nio-8443-exec-9] o.s.security.web.FilterChainProxy        : Secured GET /api/users
2024-03-23T15:57:46.233+03:00 DEBUG 14844 --- [https-jsse-nio-8443-exec-9] o.s.s.w.a.AnonymousAuthenticationFilter  : Set SecurityContextHolder to anonymous SecurityContext
2024-03-23T15:57:46.234+03:00 DEBUG 14844 --- [https-jsse-nio-8443-exec-9] o.s.security.web.FilterChainProxy        : Securing GET /error
2024-03-23T15:57:46.234+03:00 DEBUG 14844 --- [https-jsse-nio-8443-exec-9] o.s.security.web.FilterChainProxy        : Secured GET /error
2024-03-23T15:57:46.240+03:00 DEBUG 14844 --- [https-jsse-nio-8443-exec-9] o.s.s.w.a.AnonymousAuthenticationFilter  : Set SecurityContextHolder to anonymous SecurityContext
2024-03-23T16:11:15.942+03:00  WARN 11960 --- [restartedMain] c.zaxxer.hikari.util.DriverDataSource    : Registered driver with driverClassName=com.mysql.jdbc.Driver was not found, trying direct instantiation.
2024-03-23T16:11:21.322+03:00  WARN 11960 --- [restartedMain] JpaBaseConfiguration$JpaWebConfiguration : spring.jpa.open-in-view is enabled by default. Therefore, database queries may be performed during view rendering. Explicitly configure spring.jpa.open-in-view to disable this warning
2024-03-23T16:11:22.958+03:00  INFO 11960 --- [restartedMain] o.s.s.web.DefaultSecurityFilterChain     : Will secure any request with [org.springframework.security.web.session.DisableEncodeUrlFilter@17e3891e, org.springframework.security.web.context.request.async.WebAsyncManagerIntegrationFilter@3423d2be, org.springframework.security.web.context.SecurityContextHolderFilter@46b256fe, org.springframework.security.web.header.HeaderWriterFilter@47752031, org.springframework.web.filter.CorsFilter@20f0cbe8, org.springframework.security.web.csrf.CsrfFilter@509234d7, org.springframework.security.web.authentication.logout.LogoutFilter@5af02e6e, org.springframework.security.web.authentication.UsernamePasswordAuthenticationFilter@7b48ae6, org.springframework.security.web.savedrequest.RequestCacheAwareFilter@76462390, org.springframework.security.web.servletapi.SecurityContextHolderAwareRequestFilter@545f03f3, org.springframework.security.web.authentication.AnonymousAuthenticationFilter@54cd402f, org.springframework.security.web.access.ExceptionTranslationFilter@12fe23c7, org.springframework.security.web.access.intercept.AuthorizationFilter@1972f442]
2024-03-23T16:12:12.463+03:00 DEBUG 11960 --- [https-jsse-nio-8443-exec-6] o.s.security.web.FilterChainProxy        : Securing GET /data/vlad
2024-03-23T16:12:12.482+03:00 DEBUG 11960 --- [https-jsse-nio-8443-exec-6] o.s.security.web.FilterChainProxy        : Secured GET /data/vlad
2024-03-23T16:12:12.999+03:00 DEBUG 11960 --- [https-jsse-nio-8443-exec-6] o.s.s.w.a.AnonymousAuthenticationFilter  : Set SecurityContextHolder to anonymous SecurityContext
